TN:
SF:src\server.ts
FN:12,Server
FN:18,middlewares
FN:23,routers
FNF:3
FNH:3
FNDA:3,Server
FNDA:3,middlewares
FNDA:3,routers
DA:1,1
DA:2,1
DA:3,1
DA:4,1
DA:5,1
DA:6,1
DA:7,1
DA:8,1
DA:9,1
DA:10,1
DA:11,1
DA:12,1
DA:13,3
DA:14,3
DA:15,3
DA:16,3
DA:17,1
DA:18,1
DA:19,3
DA:20,3
DA:21,3
DA:22,1
DA:23,1
DA:24,3
DA:25,3
DA:26,3
DA:27,3
DA:28,3
DA:29,1
DA:30,1
DA:31,1
LF:31
LH:31
BRDA:12,0,0,3
BRDA:18,1,0,3
BRDA:23,2,0,3
BRF:3
BRH:3
end_of_record
TN:
SF:src\controller\authentication.controller.ts
FN:9,login
FN:70,logged
FNF:2
FNH:2
FNDA:12,login
FNDA:1,logged
DA:1,1
DA:2,1
DA:3,1
DA:4,1
DA:5,1
DA:6,1
DA:7,1
DA:8,1
DA:9,1
DA:10,12
DA:11,12
DA:12,12
DA:13,12
DA:14,12
DA:15,12
DA:16,12
DA:17,12
DA:18,12
DA:19,12
DA:20,12
DA:21,12
DA:22,12
DA:23,12
DA:24,12
DA:25,1
DA:26,1
DA:27,11
DA:28,12
DA:29,1
DA:30,1
DA:31,10
DA:32,12
DA:33,5
DA:34,5
DA:35,1
DA:36,1
DA:37,4
DA:38,4
DA:39,4
DA:40,4
DA:41,0
DA:42,0
DA:43,0
DA:44,0
DA:45,0
DA:46,4
DA:47,4
DA:48,4
DA:49,4
DA:50,5
DA:51,5
DA:52,5
DA:53,5
DA:54,5
DA:55,1
DA:56,1
DA:57,4
DA:58,5
DA:59,1
DA:60,1
DA:61,3
DA:62,3
DA:63,3
DA:64,12
DA:65,0
DA:66,0
DA:67,0
DA:68,12
DA:69,1
DA:70,1
DA:71,1
DA:72,1
DA:73,1
DA:74,0
DA:75,0
DA:76,1
DA:77,1
DA:78,1
DA:79,1
LF:79
LH:69
BRDA:9,0,0,12
BRDA:24,1,0,1
BRDA:26,2,0,11
BRDA:28,3,0,1
BRDA:30,4,0,10
BRDA:32,5,0,5
BRDA:54,6,0,1
BRDA:56,7,0,4
BRDA:58,8,0,3
BRDA:58,9,0,1
BRDA:64,10,0,0
BRDA:33,11,0,5
BRDA:34,12,0,1
BRDA:36,13,0,4
BRDA:40,14,0,0
BRDA:70,15,0,1
BRDA:73,16,0,0
BRF:17
BRH:14
end_of_record
TN:
SF:src\controller\statusapplication.controller.ts
FN:5,all
FN:13,create
FN:17,find
FN:21,update
FN:25,delete
FN:29,search
FNF:6
FNH:1
FNDA:1,all
FNDA:0,create
FNDA:0,find
FNDA:0,update
FNDA:0,delete
FNDA:0,search
DA:1,1
DA:2,1
DA:3,1
DA:4,1
DA:5,1
DA:6,1
DA:7,1
DA:8,1
DA:9,0
DA:10,0
DA:11,1
DA:12,1
DA:13,1
DA:14,0
DA:15,0
DA:16,1
DA:17,1
DA:18,0
DA:19,0
DA:20,1
DA:21,1
DA:22,0
DA:23,0
DA:24,1
DA:25,1
DA:26,0
DA:27,0
DA:28,1
DA:29,1
DA:30,0
DA:31,0
DA:32,1
DA:33,1
DA:34,1
LF:34
LH:22
BRDA:5,0,0,1
BRDA:8,1,0,0
BRF:2
BRH:1
end_of_record
TN:
SF:src\controller\unidade.router.ts
FN:5,all
FN:9,create
FN:13,find
FN:17,update
FN:21,delete
FN:25,search
FNF:6
FNH:1
FNDA:1,all
FNDA:0,create
FNDA:0,find
FNDA:0,update
FNDA:0,delete
FNDA:0,search
DA:1,1
DA:2,1
DA:3,1
DA:4,1
DA:5,1
DA:6,1
DA:7,1
DA:8,1
DA:9,1
DA:10,0
DA:11,0
DA:12,1
DA:13,1
DA:14,0
DA:15,0
DA:16,1
DA:17,1
DA:18,0
DA:19,0
DA:20,1
DA:21,1
DA:22,0
DA:23,0
DA:24,1
DA:25,1
DA:26,0
DA:27,0
DA:28,1
DA:29,1
DA:30,1
LF:30
LH:20
BRDA:5,0,0,1
BRF:1
BRH:1
end_of_record
TN:
SF:src\controller\usuario.controller.ts
FN:7,all
FN:36,create
FN:40,find
FN:56,update
FN:60,delete
FN:64,search
FNF:6
FNH:0
FNDA:0,all
FNDA:0,create
FNDA:0,find
FNDA:0,update
FNDA:0,delete
FNDA:0,search
DA:1,1
DA:2,1
DA:3,1
DA:4,1
DA:5,1
DA:6,1
DA:7,1
DA:8,0
DA:9,0
DA:10,0
DA:11,0
DA:12,0
DA:13,0
DA:14,0
DA:15,0
DA:16,0
DA:17,0
DA:18,0
DA:19,0
DA:20,0
DA:21,0
DA:22,0
DA:23,0
DA:24,0
DA:25,0
DA:26,0
DA:27,0
DA:28,0
DA:29,0
DA:30,0
DA:31,0
DA:32,0
DA:33,0
DA:34,0
DA:35,1
DA:36,1
DA:37,0
DA:38,0
DA:39,1
DA:40,1
DA:41,0
DA:42,0
DA:43,0
DA:44,0
DA:45,0
DA:46,0
DA:47,0
DA:48,0
DA:49,0
DA:50,0
DA:51,0
DA:52,0
DA:53,0
DA:54,0
DA:55,1
DA:56,1
DA:57,0
DA:58,0
DA:59,1
DA:60,1
DA:61,0
DA:62,0
DA:63,1
DA:64,1
DA:65,0
DA:66,0
DA:67,1
DA:68,1
DA:69,1
LF:69
LH:20
BRF:0
BRH:0
end_of_record
TN:
SF:src\middleware\router.middleware.ts
FN:10,authenticated
FN:33,role
FNF:2
FNH:2
FNDA:4,authenticated
FNDA:6,role
DA:1,1
DA:2,1
DA:3,1
DA:4,1
DA:5,1
DA:6,1
DA:7,1
DA:8,1
DA:9,1
DA:10,1
DA:11,4
DA:12,4
DA:13,4
DA:14,1
DA:15,1
DA:16,3
DA:17,3
DA:18,3
DA:19,3
DA:20,3
DA:21,3
DA:22,3
DA:23,3
DA:24,3
DA:25,3
DA:26,3
DA:27,3
DA:28,4
DA:29,0
DA:30,0
DA:31,4
DA:32,1
DA:33,1
DA:34,6
DA:35,6
DA:36,1
DA:37,1
DA:38,1
DA:39,1
DA:40,1
DA:41,1
DA:42,0
DA:43,0
DA:44,1
DA:45,0
DA:46,0
DA:47,0
DA:48,0
DA:49,0
DA:50,6
DA:51,6
DA:52,1
DA:53,1
DA:54,1
LF:54
LH:45
BRDA:10,0,0,4
BRDA:13,1,0,1
BRDA:15,2,0,3
BRDA:28,3,0,0
BRDA:33,4,0,6
BRDA:35,5,0,1
BRDA:41,6,0,0
BRDA:44,7,0,0
BRF:8
BRH:5
end_of_record
TN:
SF:src\model\area.model.ts
FN:45,beforeValidate
FNF:1
FNH:1
FNDA:3,beforeValidate
DA:1,1
DA:2,1
DA:3,1
DA:4,1
DA:5,1
DA:6,1
DA:7,1
DA:8,1
DA:9,1
DA:10,1
DA:11,1
DA:12,1
DA:13,1
DA:14,1
DA:15,1
DA:16,1
DA:17,1
DA:18,1
DA:19,1
DA:20,1
DA:21,1
DA:22,1
DA:23,1
DA:24,1
DA:25,1
DA:26,1
DA:27,1
DA:28,1
DA:29,1
DA:30,1
DA:31,1
DA:32,1
DA:33,1
DA:34,1
DA:35,1
DA:36,1
DA:37,1
DA:38,1
DA:39,1
DA:40,1
DA:41,1
DA:42,1
DA:43,1
DA:44,1
DA:45,1
DA:46,3
DA:47,3
DA:48,1
DA:49,1
DA:50,1
DA:51,1
LF:51
LH:51
BRDA:45,0,0,3
BRF:1
BRH:1
end_of_record
TN:
SF:src\model\configuracaoGeral.model.ts
FNF:0
FNH:0
DA:1,1
DA:2,1
DA:3,1
DA:4,1
DA:5,1
DA:6,1
DA:7,1
DA:8,1
DA:9,1
DA:10,1
DA:11,1
DA:12,1
DA:13,1
DA:14,1
DA:15,1
DA:16,1
DA:17,1
DA:18,1
DA:19,1
DA:20,1
DA:21,1
DA:22,1
DA:23,1
DA:24,1
DA:25,1
DA:26,1
DA:27,1
LF:27
LH:27
BRF:0
BRH:0
end_of_record
TN:
SF:src\model\connection.ts
FNF:0
FNH:0
DA:1,1
DA:2,1
DA:3,1
DA:4,1
DA:5,1
DA:6,1
DA:7,1
DA:8,1
DA:9,1
DA:10,1
DA:11,1
LF:11
LH:11
BRDA:3,0,0,0
BRF:1
BRH:0
end_of_record
TN:
SF:src\model\perfil.model.ts
FN:44,beforeValidate
FNF:1
FNH:1
FNDA:1,beforeValidate
DA:1,1
DA:2,1
DA:3,1
DA:4,1
DA:5,1
DA:6,1
DA:7,1
DA:8,1
DA:9,1
DA:10,1
DA:11,1
DA:12,1
DA:13,1
DA:14,1
DA:15,1
DA:16,1
DA:17,1
DA:18,1
DA:19,1
DA:20,1
DA:21,1
DA:22,1
DA:23,1
DA:24,1
DA:25,1
DA:26,1
DA:27,1
DA:28,1
DA:29,1
DA:30,1
DA:31,1
DA:32,1
DA:33,1
DA:34,1
DA:35,1
DA:36,1
DA:37,1
DA:38,1
DA:39,1
DA:40,1
DA:41,1
DA:42,1
DA:43,1
DA:44,1
DA:45,1
DA:46,1
DA:47,1
DA:48,1
DA:49,1
DA:50,1
LF:50
LH:50
BRDA:44,0,0,1
BRF:1
BRH:1
end_of_record
TN:
SF:src\model\unidade.model.ts
FN:30,isUnique
FN:46,beforeValidate
FNF:2
FNH:2
FNDA:7,isUnique
FNDA:7,beforeValidate
DA:1,1
DA:2,1
DA:3,1
DA:4,1
DA:5,1
DA:6,1
DA:7,1
DA:8,1
DA:9,1
DA:10,1
DA:11,1
DA:12,1
DA:13,1
DA:14,1
DA:15,1
DA:16,1
DA:17,1
DA:18,1
DA:19,1
DA:20,1
DA:21,1
DA:22,1
DA:23,1
DA:24,1
DA:25,1
DA:26,1
DA:27,1
DA:28,1
DA:29,1
DA:30,1
DA:31,7
DA:32,7
DA:33,1
DA:34,1
DA:35,7
DA:36,1
DA:37,1
DA:38,1
DA:39,1
DA:40,1
DA:41,1
DA:42,1
DA:43,1
DA:44,1
DA:45,1
DA:46,1
DA:47,7
DA:48,7
DA:49,1
DA:50,1
DA:51,1
DA:52,1
LF:52
LH:52
BRDA:30,0,0,7
BRDA:32,1,0,1
BRDA:46,2,0,7
BRF:3
BRH:3
end_of_record
TN:
SF:src\model\usuario.model.ts
FN:33,generateToken
FN:114,beforeValidate
FNF:2
FNH:2
FNDA:7,generateToken
FNDA:4,beforeValidate
DA:1,1
DA:2,1
DA:3,1
DA:4,1
DA:5,1
DA:6,1
DA:7,1
DA:8,1
DA:9,1
DA:10,1
DA:11,1
DA:12,1
DA:13,1
DA:14,1
DA:15,1
DA:16,1
DA:17,1
DA:18,1
DA:19,1
DA:20,1
DA:21,1
DA:22,1
DA:23,1
DA:24,1
DA:25,1
DA:26,1
DA:27,1
DA:28,1
DA:29,1
DA:30,1
DA:31,1
DA:32,1
DA:33,1
DA:34,7
DA:35,7
DA:36,1
DA:37,1
DA:38,1
DA:39,1
DA:40,1
DA:41,1
DA:42,1
DA:43,1
DA:44,1
DA:45,1
DA:46,1
DA:47,1
DA:48,1
DA:49,1
DA:50,1
DA:51,1
DA:52,1
DA:53,1
DA:54,1
DA:55,1
DA:56,1
DA:57,1
DA:58,1
DA:59,1
DA:60,1
DA:61,1
DA:62,1
DA:63,1
DA:64,1
DA:65,1
DA:66,1
DA:67,1
DA:68,1
DA:69,1
DA:70,1
DA:71,1
DA:72,1
DA:73,1
DA:74,1
DA:75,1
DA:76,1
DA:77,1
DA:78,1
DA:79,1
DA:80,1
DA:81,1
DA:82,1
DA:83,1
DA:84,1
DA:85,1
DA:86,1
DA:87,1
DA:88,1
DA:89,1
DA:90,1
DA:91,1
DA:92,1
DA:93,1
DA:94,1
DA:95,1
DA:96,1
DA:97,1
DA:98,1
DA:99,1
DA:100,1
DA:101,1
DA:102,1
DA:103,1
DA:104,1
DA:105,1
DA:106,1
DA:107,1
DA:108,1
DA:109,1
DA:110,1
DA:111,1
DA:112,1
DA:113,1
DA:114,1
DA:115,4
DA:116,4
DA:117,4
DA:118,1
DA:119,1
DA:120,1
DA:121,1
DA:122,1
DA:123,1
LF:123
LH:123
BRDA:33,0,0,7
BRDA:114,1,0,4
BRF:2
BRH:2
end_of_record
TN:
SF:src\router\authentication.router.ts
FN:9,AuthenticationRouter
FN:14,routers
FNF:2
FNH:2
FNDA:3,AuthenticationRouter
FNDA:3,routers
DA:1,1
DA:2,1
DA:3,1
DA:4,1
DA:5,1
DA:6,1
DA:7,1
DA:8,1
DA:9,1
DA:10,3
DA:11,3
DA:12,3
DA:13,1
DA:14,1
DA:15,3
DA:16,3
DA:17,3
DA:18,1
DA:19,1
DA:20,1
LF:20
LH:20
BRDA:9,0,0,3
BRDA:14,1,0,3
BRF:2
BRH:2
end_of_record
TN:
SF:src\router\statusapplicatoin.router.ts
FN:7,StatusApplicationRouter
FN:12,routers
FNF:2
FNH:2
FNDA:3,StatusApplicationRouter
FNDA:3,routers
DA:1,1
DA:2,1
DA:3,1
DA:4,1
DA:5,1
DA:6,1
DA:7,1
DA:8,3
DA:9,3
DA:10,3
DA:11,1
DA:12,1
DA:13,3
DA:14,3
DA:15,1
DA:16,1
DA:17,1
LF:17
LH:17
BRDA:7,0,0,3
BRDA:12,1,0,3
BRF:2
BRH:2
end_of_record
TN:
SF:src\router\unidade.router.ts
FN:9,UnidadeRouter
FN:15,routers
FNF:2
FNH:2
FNDA:3,UnidadeRouter
FNDA:3,routers
DA:1,1
DA:2,1
DA:3,1
DA:4,1
DA:5,1
DA:6,1
DA:7,1
DA:8,1
DA:9,1
DA:10,3
DA:11,3
DA:12,3
DA:13,3
DA:14,1
DA:15,1
DA:16,3
DA:17,3
DA:18,3
DA:19,3
DA:20,3
DA:21,3
DA:22,3
DA:23,1
DA:24,1
DA:25,1
LF:25
LH:25
BRDA:9,0,0,3
BRDA:15,1,0,3
BRF:2
BRH:2
end_of_record
TN:
SF:src\router\usuario.router.ts
FN:10,UsuarioRouter
FN:16,routers
FNF:2
FNH:2
FNDA:3,UsuarioRouter
FNDA:3,routers
DA:1,1
DA:2,1
DA:3,1
DA:4,1
DA:5,1
DA:6,1
DA:7,1
DA:8,1
DA:9,1
DA:10,1
DA:11,3
DA:12,3
DA:13,3
DA:14,3
DA:15,1
DA:16,1
DA:17,3
DA:18,3
DA:19,3
DA:20,3
DA:21,3
DA:22,3
DA:23,3
DA:24,1
DA:25,1
DA:26,1
LF:26
LH:26
BRDA:10,0,0,3
BRDA:16,1,0,3
BRF:2
BRH:2
end_of_record
TN:
SF:src\utils\perfil.utils.ts
FNF:0
FNH:0
DA:1,1
DA:2,1
DA:3,1
DA:4,1
DA:5,1
DA:6,1
DA:7,1
DA:8,1
DA:9,1
DA:10,1
LF:10
LH:10
BRDA:3,0,0,3
BRF:1
BRH:1
end_of_record
