TN:
SF:src\server.ts
FN:11,Server
FN:17,middlewares
FN:22,routers
FNF:3
FNH:3
FNDA:3,Server
FNDA:3,middlewares
FNDA:3,routers
DA:1,1
DA:2,1
DA:3,1
DA:4,1
DA:5,1
DA:6,1
DA:7,1
DA:8,1
DA:9,1
DA:10,1
DA:11,1
DA:12,3
DA:13,3
DA:14,3
DA:15,3
DA:16,1
DA:17,1
DA:18,3
DA:19,3
DA:20,3
DA:21,1
DA:22,1
DA:23,3
DA:24,3
DA:25,3
DA:26,3
DA:27,1
DA:28,1
DA:29,1
LF:29
LH:29
BRDA:11,0,0,3
BRDA:17,1,0,3
BRDA:22,2,0,3
BRF:3
BRH:3
end_of_record
TN:
SF:src\controller\authentication.controller.ts
FN:7,login
FNF:1
FNH:1
FNDA:6,login
DA:1,1
DA:2,1
DA:3,1
DA:4,1
DA:5,1
DA:6,1
DA:7,1
DA:8,6
DA:9,6
DA:10,6
DA:11,6
DA:12,6
DA:13,6
DA:14,6
DA:15,6
DA:16,6
DA:17,6
DA:18,6
DA:19,6
DA:20,6
DA:21,1
DA:22,1
DA:23,5
DA:24,6
DA:25,1
DA:26,1
DA:27,4
DA:28,4
DA:29,4
DA:30,1
DA:31,1
DA:32,3
DA:33,3
DA:34,3
DA:35,3
DA:36,1
DA:37,1
DA:38,1
DA:39,1
DA:40,1
DA:41,3
DA:42,3
DA:43,3
DA:44,3
DA:45,4
DA:46,6
DA:47,0
DA:48,0
DA:49,6
DA:50,1
DA:51,1
DA:52,1
LF:52
LH:50
BRDA:7,0,0,6
BRDA:20,1,0,1
BRDA:22,2,0,5
BRDA:24,3,0,1
BRDA:26,4,0,4
BRDA:46,5,0,0
BRDA:28,6,0,4
BRDA:29,7,0,1
BRDA:31,8,0,3
BRDA:35,9,0,1
BRF:10
BRH:9
end_of_record
TN:
SF:src\controller\statusapplication.controller.ts
FN:5,all
FN:13,create
FN:17,find
FN:21,update
FN:25,delete
FN:29,search
FNF:6
FNH:1
FNDA:1,all
FNDA:0,create
FNDA:0,find
FNDA:0,update
FNDA:0,delete
FNDA:0,search
DA:1,1
DA:2,1
DA:3,1
DA:4,1
DA:5,1
DA:6,1
DA:7,1
DA:8,1
DA:9,0
DA:10,0
DA:11,1
DA:12,1
DA:13,1
DA:14,0
DA:15,0
DA:16,1
DA:17,1
DA:18,0
DA:19,0
DA:20,1
DA:21,1
DA:22,0
DA:23,0
DA:24,1
DA:25,1
DA:26,0
DA:27,0
DA:28,1
DA:29,1
DA:30,0
DA:31,0
DA:32,1
DA:33,1
DA:34,1
LF:34
LH:22
BRDA:5,0,0,1
BRDA:8,1,0,0
BRF:2
BRH:1
end_of_record
TN:
SF:src\controller\usuario.controller.ts
FN:5,all
FN:9,create
FN:13,find
FN:17,update
FN:21,delete
FN:25,search
FNF:6
FNH:1
FNDA:1,all
FNDA:0,create
FNDA:0,find
FNDA:0,update
FNDA:0,delete
FNDA:0,search
DA:1,1
DA:2,1
DA:3,1
DA:4,1
DA:5,1
DA:6,1
DA:7,1
DA:8,1
DA:9,1
DA:10,0
DA:11,0
DA:12,1
DA:13,1
DA:14,0
DA:15,0
DA:16,1
DA:17,1
DA:18,0
DA:19,0
DA:20,1
DA:21,1
DA:22,0
DA:23,0
DA:24,1
DA:25,1
DA:26,0
DA:27,0
DA:28,1
DA:29,1
DA:30,1
LF:30
LH:20
BRDA:5,0,0,1
BRF:1
BRH:1
end_of_record
TN:
SF:src\model\area.model.ts
FN:45,beforeValidate
FNF:1
FNH:1
FNDA:2,beforeValidate
DA:1,1
DA:2,1
DA:3,1
DA:4,1
DA:5,1
DA:6,1
DA:7,1
DA:8,1
DA:9,1
DA:10,1
DA:11,1
DA:12,1
DA:13,1
DA:14,1
DA:15,1
DA:16,1
DA:17,1
DA:18,1
DA:19,1
DA:20,1
DA:21,1
DA:22,1
DA:23,1
DA:24,1
DA:25,1
DA:26,1
DA:27,1
DA:28,1
DA:29,1
DA:30,1
DA:31,1
DA:32,1
DA:33,1
DA:34,1
DA:35,1
DA:36,1
DA:37,1
DA:38,1
DA:39,1
DA:40,1
DA:41,1
DA:42,1
DA:43,1
DA:44,1
DA:45,1
DA:46,2
DA:47,2
DA:48,1
DA:49,1
DA:50,1
DA:51,1
LF:51
LH:51
BRDA:45,0,0,2
BRF:1
BRH:1
end_of_record
TN:
SF:src\model\connection.ts
FNF:0
FNH:0
DA:1,1
DA:2,1
DA:3,1
DA:4,1
DA:5,1
DA:6,1
DA:7,1
DA:8,1
DA:9,1
DA:10,1
DA:11,1
LF:11
LH:11
BRDA:3,0,0,0
BRF:1
BRH:0
end_of_record
TN:
SF:src\model\perfil.model.ts
FN:44,beforeValidate
FNF:1
FNH:1
FNDA:1,beforeValidate
DA:1,1
DA:2,1
DA:3,1
DA:4,1
DA:5,1
DA:6,1
DA:7,1
DA:8,1
DA:9,1
DA:10,1
DA:11,1
DA:12,1
DA:13,1
DA:14,1
DA:15,1
DA:16,1
DA:17,1
DA:18,1
DA:19,1
DA:20,1
DA:21,1
DA:22,1
DA:23,1
DA:24,1
DA:25,1
DA:26,1
DA:27,1
DA:28,1
DA:29,1
DA:30,1
DA:31,1
DA:32,1
DA:33,1
DA:34,1
DA:35,1
DA:36,1
DA:37,1
DA:38,1
DA:39,1
DA:40,1
DA:41,1
DA:42,1
DA:43,1
DA:44,1
DA:45,1
DA:46,1
DA:47,1
DA:48,1
DA:49,1
DA:50,1
LF:50
LH:50
BRDA:44,0,0,1
BRF:1
BRH:1
end_of_record
TN:
SF:src\model\unidade.model.ts
FN:30,isUnique
FN:46,beforeValidate
FNF:2
FNH:2
FNDA:6,isUnique
FNDA:6,beforeValidate
DA:1,1
DA:2,1
DA:3,1
DA:4,1
DA:5,1
DA:6,1
DA:7,1
DA:8,1
DA:9,1
DA:10,1
DA:11,1
DA:12,1
DA:13,1
DA:14,1
DA:15,1
DA:16,1
DA:17,1
DA:18,1
DA:19,1
DA:20,1
DA:21,1
DA:22,1
DA:23,1
DA:24,1
DA:25,1
DA:26,1
DA:27,1
DA:28,1
DA:29,1
DA:30,1
DA:31,6
DA:32,6
DA:33,1
DA:34,1
DA:35,6
DA:36,1
DA:37,1
DA:38,1
DA:39,1
DA:40,1
DA:41,1
DA:42,1
DA:43,1
DA:44,1
DA:45,1
DA:46,1
DA:47,6
DA:48,6
DA:49,1
DA:50,1
DA:51,1
DA:52,1
LF:52
LH:52
BRDA:30,0,0,6
BRDA:32,1,0,1
BRDA:46,2,0,6
BRF:3
BRH:3
end_of_record
TN:
SF:src\model\usuario.model.ts
FN:32,generateToken
FN:113,beforeValidate
FNF:2
FNH:2
FNDA:3,generateToken
FNDA:4,beforeValidate
DA:1,1
DA:2,1
DA:3,1
DA:4,1
DA:5,1
DA:6,1
DA:7,1
DA:8,1
DA:9,1
DA:10,1
DA:11,1
DA:12,1
DA:13,1
DA:14,1
DA:15,1
DA:16,1
DA:17,1
DA:18,1
DA:19,1
DA:20,1
DA:21,1
DA:22,1
DA:23,1
DA:24,1
DA:25,1
DA:26,1
DA:27,1
DA:28,1
DA:29,1
DA:30,1
DA:31,1
DA:32,1
DA:33,3
DA:34,3
DA:35,1
DA:36,1
DA:37,1
DA:38,1
DA:39,1
DA:40,1
DA:41,1
DA:42,1
DA:43,1
DA:44,1
DA:45,1
DA:46,1
DA:47,1
DA:48,1
DA:49,1
DA:50,1
DA:51,1
DA:52,1
DA:53,1
DA:54,1
DA:55,1
DA:56,1
DA:57,1
DA:58,1
DA:59,1
DA:60,1
DA:61,1
DA:62,1
DA:63,1
DA:64,1
DA:65,1
DA:66,1
DA:67,1
DA:68,1
DA:69,1
DA:70,1
DA:71,1
DA:72,1
DA:73,1
DA:74,1
DA:75,1
DA:76,1
DA:77,1
DA:78,1
DA:79,1
DA:80,1
DA:81,1
DA:82,1
DA:83,1
DA:84,1
DA:85,1
DA:86,1
DA:87,1
DA:88,1
DA:89,1
DA:90,1
DA:91,1
DA:92,1
DA:93,1
DA:94,1
DA:95,1
DA:96,1
DA:97,1
DA:98,1
DA:99,1
DA:100,1
DA:101,1
DA:102,1
DA:103,1
DA:104,1
DA:105,1
DA:106,1
DA:107,1
DA:108,1
DA:109,1
DA:110,1
DA:111,1
DA:112,1
DA:113,1
DA:114,4
DA:115,4
DA:116,4
DA:117,1
DA:118,1
DA:119,1
DA:120,1
LF:120
LH:120
BRDA:32,0,0,3
BRDA:113,1,0,4
BRF:2
BRH:2
end_of_record
TN:
SF:src\router\authentication.router.ts
FN:7,AuthenticationRouter
FN:12,routers
FNF:2
FNH:2
FNDA:3,AuthenticationRouter
FNDA:3,routers
DA:1,1
DA:2,1
DA:3,1
DA:4,1
DA:5,1
DA:6,1
DA:7,1
DA:8,3
DA:9,3
DA:10,3
DA:11,1
DA:12,1
DA:13,3
DA:14,3
DA:15,1
DA:16,1
DA:17,1
LF:17
LH:17
BRDA:7,0,0,3
BRDA:12,1,0,3
BRF:2
BRH:2
end_of_record
TN:
SF:src\router\statusapplicatoin.router.ts
FN:7,StatusApplicationRouter
FN:12,routers
FNF:2
FNH:2
FNDA:3,StatusApplicationRouter
FNDA:3,routers
DA:1,1
DA:2,1
DA:3,1
DA:4,1
DA:5,1
DA:6,1
DA:7,1
DA:8,3
DA:9,3
DA:10,3
DA:11,1
DA:12,1
DA:13,3
DA:14,3
DA:15,1
DA:16,1
DA:17,1
LF:17
LH:17
BRDA:7,0,0,3
BRDA:12,1,0,3
BRF:2
BRH:2
end_of_record
TN:
SF:src\router\usuario.router.ts
FN:7,UsuarioRouter
FN:12,routers
FNF:2
FNH:2
FNDA:3,UsuarioRouter
FNDA:3,routers
DA:1,1
DA:2,1
DA:3,1
DA:4,1
DA:5,1
DA:6,1
DA:7,1
DA:8,3
DA:9,3
DA:10,3
DA:11,1
DA:12,1
DA:13,3
DA:14,3
DA:15,3
DA:16,3
DA:17,3
DA:18,3
DA:19,3
DA:20,1
DA:21,1
DA:22,1
LF:22
LH:22
BRDA:7,0,0,3
BRDA:12,1,0,3
BRF:2
BRH:2
end_of_record
